This is LuaHBTeX, Version 1.13.0 (MiKTeX 21.2) (format=lualatex 2021.2.25)  5 JUN 2021 17:00
 restricted system commands enabled.
 file:line:error style messages enabled.
**"c:/Users/ruoto/Desktop/Adaptive MPC in Curvilinear reference frame/Adaptive 
MPC in curvilinear reference"

("c:/Users/ruoto/Desktop/Adaptive MPC in Curvilinear reference frame/Adaptive M
PC in curvilinear reference.tex"
LaTeX2e <2020-10-01> patch level 4
Lua module: luaotfload 2021-01-08 3.17 Lua based OpenType font support
Lua module: lualibs 2020-12-30 2.73 ConTeXt Lua standard libraries.
Lua module: lualibs-extended 2020-12-30 2.73 ConTeXt Lua libraries -- extended c
ollection.
luaotfload | conf : Root cache directory is "C:/Users/ruoto/AppData/Local/MiKTeX
/luatex-cache/generic/names".
luaotfload | init : Loading fontloader "fontloader-2021-01-07.lua" from kpse-res
olved path "C:/Users/ruoto/AppData/Local/Programs/MiKTeX/tex/luatex/luaotfload/f
ontloader-2021-01-07.lua".
Lua-only attribute luaotfload@noligature = 1
Lua-only attribute luaotfload@syllabe = 2
luaotfload | init : Context OpenType loader version 0x1.8e76c8b439581p+1
Inserting `luaotfload.node_processor' at position 1 in `pre_linebreak_filter'.
Inserting `luaotfload.node_processor' at position 1 in `hpack_filter'.
Inserting `luaotfload.glyph_stream' at position 1 in `glyph_stream_provider'.
Inserting `luaotfload.define_font' at position 1 in `define_font'.
Lua-only attribute luaotfload_color_attribute = 3
luaotfload | conf : Root cache directory is "C:/Users/ruoto/AppData/Local/MiKTeX
/luatex-cache/generic/names".
Inserting `luaotfload.harf.strip_prefix' at position 1 in `find_opentype_file'.
Inserting `luaotfload.harf.strip_prefix' at position 1 in `find_truetype_file'.
Inserting `luaotfload.harf.finalize_vlist' at position 1 in `post_linebreak_filt
er'.
Inserting `luaotfload.harf.finalize_hlist' at position 2 in `hpack_filter'.
Inserting `luaotfload.cleanup_files' at position 1 in `wrapup_run'.
Inserting `luaotfload.harf.finalize_unicode' at position 1 in `finish_pdffile'.
Inserting `luaotfload.glyphinfo' at position 1 in `glyph_info'.
Inserting `luaotfload.aux.set_sscale_dimens' at position 1 in `luaotfload.patch_
font'.
Inserting `luaotfload.aux.set_font_index' at position 2 in `luaotfload.patch_fon
t'.
Inserting `luaotfload.aux.patch_cambria_domh' at position 3 in `luaotfload.patch
_font'.
Inserting `luaotfload.aux.fixup_fontdata' at position 1 in `luaotfload.patch_fon
t_unsafe'.
Inserting `luaotfload.aux.set_capheight' at position 4 in `luaotfload.patch_font
'.
Inserting `luaotfload.aux.set_xheight' at position 5 in `luaotfload.patch_font'.
Inserting `luaotfload.rewrite_fontname' at position 6 in `luaotfload.patch_font'
. L3 programming layer <2021-02-18> xparse <2020-03-03>
(C:/Users/ruoto/AppData/Local/Programs/MiKTeX/tex/latex/base/article.cls
Document Class: article 2020/04/10 v1.4m Standard LaTeX document class
(C:/Users/ruoto/AppData/Local/Programs/MiKTeX/tex/latex/base/size12.clo
File: size12.clo 2020/04/10 v1.4m Standard LaTeX file (size option)
luaotfload | db : Font names database loaded from C:/Users/ruoto/AppData/Local/M
iKTeX/luatex-cache/generic/names/luaotfload-names.luc)
\c@part=\count175
\c@section=\count176
\c@subsection=\count177
\c@subsubsection=\count178
\c@paragraph=\count179
\c@subparagraph=\count180
\c@figure=\count181
\c@table=\count182
\abovecaptionskip=\skip47
\belowcaptionskip=\skip48
\bibindent=\dimen138
)
(C:/Users/ruoto/AppData/Local/Programs/MiKTeX/tex/latex/fontspec/fontspec.sty
(C:/Users/ruoto/AppData/Local/Programs/MiKTeX/tex/latex/l3packages/xparse/xpars
e.sty
(C:/Users/ruoto/AppData/Local/Programs/MiKTeX/tex/latex/l3kernel/expl3.sty
Package: expl3 2021-02-18 L3 programming layer (loader) 

(C:/Users/ruoto/AppData/Local/Programs/MiKTeX/tex/latex/l3backend/l3backend-lua
tex.def
File: l3backend-luatex.def 2021-02-18 L3 backend support: PDF output (LuaTeX)
\l__color_backend_stack_int=\count183
\l__pdf_internal_box=\box47
))
Package: xparse 2020-10-27 L3 Experimental document command parser

(C:/Users/ruoto/AppData/Local/Programs/MiKTeX/tex/latex/l3packages/xparse/xpars
e-generic.tex))
Package: fontspec 2020/02/21 v2.7i Font selection for XeLaTeX and LuaLaTeX
Lua module: fontspec 2020/02/21 2.7i Font selection for XeLaTeX and LuaLaTeX
(C:/Users/ruoto/AppData/Local/Programs/MiKTeX/tex/latex/fontspec/fontspec-luate
x.sty
Package: fontspec-luatex 2020/02/21 v2.7i Font selection for XeLaTeX and LuaLaT
eX
\l__fontspec_script_int=\count184
\l__fontspec_language_int=\count185
\l__fontspec_strnum_int=\count186
\l__fontspec_tmp_int=\count187
\l__fontspec_tmpa_int=\count188
\l__fontspec_tmpb_int=\count189
\l__fontspec_tmpc_int=\count190
\l__fontspec_em_int=\count191
\l__fontspec_emdef_int=\count192
\l__fontspec_strong_int=\count193
\l__fontspec_strongdef_int=\count194
\l__fontspec_tmpa_dim=\dimen139
\l__fontspec_tmpb_dim=\dimen140
\l__fontspec_tmpc_dim=\dimen141
 (C:/Users/ruoto/AppData/Local/Programs/MiKTeX/tex/latex/base/fontenc.sty
Package: fontenc 2020/08/10 v2.0s Standard LaTeX package
) (C:/Users/ruoto/AppData/Local/Programs/MiKTeX/tex/latex/fontspec/fontspec.cfg
)))
luaotfload | cache : Lookup cache loaded from C:/Users/ruoto/AppData/Local/MiKTe
X/luatex-cache/generic/names/luaotfload-lookup-cache.luc.

Package fontspec Info: Font family 'TeXGyreTermes(0)' created for font 'TeX
(fontspec)             Gyre Termes' with options
(fontspec)             [Ligatures=TeX,Ligatures=TeX].
(fontspec)              
(fontspec)              This font family consists of the following NFSS
(fontspec)             series/shapes:
(fontspec)              
(fontspec)             - 'normal' (m/n) with NFSS spec.:
(fontspec)             <->"TeXGyreTermes:mode=node;script=latn;language=dflt;+t
lig;"
(fontspec)             - 'small caps'  (m/sc) with NFSS spec.:
(fontspec)             <->"TeXGyreTermes:mode=node;script=latn;language=dflt;+t
lig;+smcp;"
(fontspec)             - 'bold' (b/n) with NFSS spec.:
(fontspec)             <->"TeXGyreTermes/B:mode=node;script=latn;language=dflt;
+tlig;"
(fontspec)             - 'bold small caps'  (b/sc) with NFSS spec.:
(fontspec)             <->"TeXGyreTermes/B:mode=node;script=latn;language=dflt;
+tlig;+smcp;"
(fontspec)             - 'italic' (m/it) with NFSS spec.:
(fontspec)             <->"TeXGyreTermes/I:mode=node;script=latn;language=dflt;
+tlig;"
(fontspec)             - 'italic small caps'  (m/scit) with NFSS spec.:
(fontspec)             <->"TeXGyreTermes/I:mode=node;script=latn;language=dflt;
+tlig;+smcp;"
(fontspec)             - 'bold italic' (b/it) with NFSS spec.:
(fontspec)             <->"TeXGyreTermes/BI:mode=node;script=latn;language=dflt
;+tlig;"
(fontspec)             - 'bold italic small caps'  (b/scit) with NFSS spec.:
(fontspec)             <->"TeXGyreTermes/BI:mode=node;script=latn;language=dflt
;+tlig;+smcp;"


Package fontspec Info: TeXGyreHeros scale = 0.8587763382359721.


Package fontspec Info: TeXGyreHeros scale = 0.8587763382359721.


Package fontspec Info: TeXGyreHeros scale = 0.8587763382359721.


Package fontspec Info: TeXGyreHeros/B scale = 0.8333309785859271.


Package fontspec Info: TeXGyreHeros/B scale = 0.8333309785859271.


Package fontspec Info: TeXGyreHeros/I scale = 0.8587763382359721.


Package fontspec Info: TeXGyreHeros/I scale = 0.8587763382359721.


Package fontspec Info: TeXGyreHeros/BI scale = 0.8333309785859271.


Package fontspec Info: TeXGyreHeros/BI scale = 0.8333309785859271.


Package fontspec Info: Font family 'TeXGyreHeros(0)' created for font 'TeX
(fontspec)             Gyre Heros' with options
(fontspec)             [Ligatures=TeX,Ligatures=TeX,Scale=MatchLowercase].
(fontspec)              
(fontspec)              This font family consists of the following NFSS
(fontspec)             series/shapes:
(fontspec)              
(fontspec)             - 'normal' (m/n) with NFSS spec.:
(fontspec)             <->s*[0.8587763382359721]"TeXGyreHeros:mode=node;script=
latn;language=dflt;+tlig;"
(fontspec)             - 'small caps'  (m/sc) with NFSS spec.:
(fontspec)             <->s*[0.8587763382359721]"TeXGyreHeros:mode=node;script=
latn;language=dflt;+tlig;+smcp;"
(fontspec)             - 'bold' (b/n) with NFSS spec.:
(fontspec)             <->s*[0.8333309785859271]"TeXGyreHeros/B:mode=node;scrip
t=latn;language=dflt;+tlig;"
(fontspec)             - 'bold small caps'  (b/sc) with NFSS spec.:
(fontspec)             <->s*[0.8333309785859271]"TeXGyreHeros/B:mode=node;scrip
t=latn;language=dflt;+tlig;+smcp;"
(fontspec)             - 'italic' (m/it) with NFSS spec.:
(fontspec)             <->s*[0.8587763382359721]"TeXGyreHeros/I:mode=node;scrip
t=latn;language=dflt;+tlig;"
(fontspec)             - 'italic small caps'  (m/scit) with NFSS spec.:
(fontspec)             <->s*[0.8587763382359721]"TeXGyreHeros/I:mode=node;scrip
t=latn;language=dflt;+tlig;+smcp;"
(fontspec)             - 'bold italic' (b/it) with NFSS spec.:
(fontspec)             <->s*[0.8333309785859271]"TeXGyreHeros/BI:mode=node;scri
pt=latn;language=dflt;+tlig;"
(fontspec)             - 'bold italic small caps'  (b/scit) with NFSS spec.:
(fontspec)             <->s*[0.8333309785859271]"TeXGyreHeros/BI:mode=node;scri
pt=latn;language=dflt;+tlig;+smcp;"


(C:/Users/ruoto/AppData/Local/Programs/MiKTeX/tex/latex/geometry/geometry.sty
Package: geometry 2020/01/02 v5.9 Page Geometry

(C:/Users/ruoto/AppData/Local/Programs/MiKTeX/tex/latex/graphics/keyval.sty
Package: keyval 2014/10/28 v1.15 key=value parser (DPC)
\KV@toks@=\toks15
)
(C:/Users/ruoto/AppData/Local/Programs/MiKTeX/tex/generic/iftex/ifvtex.sty
Package: ifvtex 2019/10/25 v1.7 ifvtex legacy package. Use iftex instead.

(C:/Users/ruoto/AppData/Local/Programs/MiKTeX/tex/generic/iftex/iftex.sty
Package: iftex 2020/03/06 v1.0d TeX engine tests
))
\Gm@cnth=\count195
\Gm@cntv=\count196
\c@Gm@tempcnt=\count197
\Gm@bindingoffset=\dimen142
\Gm@wd@mp=\dimen143
\Gm@odd@mp=\dimen144
\Gm@even@mp=\dimen145
\Gm@layoutwidth=\dimen146
\Gm@layoutheight=\dimen147
\Gm@layouthoffset=\dimen148
\Gm@layoutvoffset=\dimen149
\Gm@dimlist=\toks16

(C:/Users/ruoto/AppData/Local/Programs/MiKTeX/tex/latex/geometry/geometry.cfg)) (C:/Users/ruoto/AppData/Local/Programs/MiKTeX/tex/latex/graphics/graphicx.sty
Package: graphicx 2020/09/09 v1.2b Enhanced LaTeX Graphics (DPC,SPQR)

(C:/Users/ruoto/AppData/Local/Programs/MiKTeX/tex/latex/graphics/graphics.sty
Package: graphics 2020/08/30 v1.4c Standard LaTeX Graphics (DPC,SPQR)

(C:/Users/ruoto/AppData/Local/Programs/MiKTeX/tex/latex/graphics/trig.sty
Package: trig 2016/01/03 v1.10 sin cos tan (DPC)
)
(C:/Users/ruoto/AppData/Local/Programs/MiKTeX/tex/latex/graphics-cfg/graphics.c
fg
File: graphics.cfg 2016/06/04 v1.11 sample graphics configuration
)
Package graphics Info: Driver file: luatex.def on input line 105.

(C:/Users/ruoto/AppData/Local/Programs/MiKTeX/tex/latex/graphics-def/luatex.def
File: luatex.def 2020/10/05 v1.2a Graphics/color driver for luatex
))
\Gin@req@height=\dimen150
\Gin@req@width=\dimen151
) (C:/Users/ruoto/AppData/Local/Programs/MiKTeX/tex/latex/amsmath/amsmath.sty
Package: amsmath 2020/09/23 v2.17i AMS math features
\@mathmargin=\skip49
For additional information on amsmath, use the `?' option.
(C:/Users/ruoto/AppData/Local/Programs/MiKTeX/tex/latex/amsmath/amstext.sty
Package: amstext 2000/06/29 v2.01 AMS text

(C:/Users/ruoto/AppData/Local/Programs/MiKTeX/tex/latex/amsmath/amsgen.sty
File: amsgen.sty 1999/11/30 v2.0 generic functions
\@emptytoks=\toks17
\ex@=\dimen152
))
(C:/Users/ruoto/AppData/Local/Programs/MiKTeX/tex/latex/amsmath/amsbsy.sty
Package: amsbsy 1999/11/29 v1.2d Bold Symbols
\pmbraise@=\dimen153
)
(C:/Users/ruoto/AppData/Local/Programs/MiKTeX/tex/latex/amsmath/amsopn.sty
Package: amsopn 2016/03/08 v2.02 operator names
)
\inf@bad=\count198
LaTeX Info: Redefining \frac on input line 236.
\uproot@=\count199
\leftroot@=\count266
LaTeX Info: Redefining \overline on input line 399.
\classnum@=\count267
\DOTSCASE@=\count268
LaTeX Info: Redefining \ldots on input line 496.
LaTeX Info: Redefining \dots on input line 499.
LaTeX Info: Redefining \cdots on input line 620.
\Mathstrutbox@=\box48
\strutbox@=\box49
\big@size=\dimen154
LaTeX Font Info:    Redeclaring font encoding OML on input line 743.
LaTeX Font Info:    Redeclaring font encoding OMS on input line 744.
\macc@depth=\count269
\c@MaxMatrixCols=\count270
\dotsspace@=\muskip16
\c@parentequation=\count271
\dspbrk@lvl=\count272
\tag@help=\toks18
\row@=\count273
\column@=\count274
\maxfields@=\count275
\andhelp@=\toks19
\eqnshift@=\dimen155
\alignsep@=\dimen156
\tagshift@=\dimen157
\tagwidth@=\dimen158
\totwidth@=\dimen159
\lineht@=\dimen160
\@envbody=\toks20
\multlinegap=\skip50
\multlinetaggap=\skip51
\mathdisplay@stack=\toks21
LaTeX Info: Redefining \[ on input line 2923.
LaTeX Info: Redefining \] on input line 2924.
)
(C:/Users/ruoto/AppData/Local/Programs/MiKTeX/tex/latex/unicode-math/unicode-ma
th.sty
Package: unicode-math 2020/01/31 v0.8q Unicode maths in XeLaTeX and LuaLaTeX

(C:/Users/ruoto/AppData/Local/Programs/MiKTeX/tex/latex/unicode-math/unicode-ma
th-luatex.sty
Package: unicode-math-luatex 2020/01/31 v0.8q Unicode maths in XeLaTeX and LuaL
aTeX

(C:/Users/ruoto/AppData/Local/Programs/MiKTeX/tex/latex/l3packages/l3keys2e/l3k
eys2e.sty
Package: l3keys2e 2020-10-27 LaTeX2e option processing using LaTeX3 keys
)
(C:/Users/ruoto/AppData/Local/Programs/MiKTeX/tex/latex/base/fix-cm.sty
Package: fix-cm 2015/01/14 v1.1t fixes to LaTeX

(C:/Users/ruoto/AppData/Local/Programs/MiKTeX/tex/latex/base/ts1enc.def
File: ts1enc.def 2001/06/05 v3.0e (jk/car/fm) Standard LaTeX file
LaTeX Font Info:    Redeclaring font encoding TS1 on input line 47.
))
(C:/Users/ruoto/AppData/Local/Programs/MiKTeX/tex/lualatex/lualatex-math/lualat
ex-math.sty
Package: lualatex-math 2020/09/25 v1.9 Patches for mathematics typesetting with
 LuaLaTeX

(C:/Users/ruoto/AppData/Local/Programs/MiKTeX/tex/latex/etoolbox/etoolbox.sty
Package: etoolbox 2020/10/05 v2.5k e-TeX tools for LaTeX (JAW)
\etb@tempcnta=\count276
)
Lua module: lualatex-math 2013/08/03 1.3 Patches for mathematics typesetting wit
h LuaLaTeX)
\g__um_fam_int=\count277
\g__um_fonts_used_int=\count278
\l__um_primecount_int=\count279
\g__um_primekern_muskip=\muskip17

(C:/Users/ruoto/AppData/Local/Programs/MiKTeX/tex/latex/unicode-math/unicode-ma
th-table.tex)))
(C:/Users/ruoto/AppData/Local/Programs/MiKTeX/tex/latex/metalogo/metalogo.sty
Package: metalogo 2010/05/29 v0.12 Extended TeX logo macros

(C:/Users/ruoto/AppData/Local/Programs/MiKTeX/tex/generic/iftex/ifxetex.sty
Package: ifxetex 2019/10/25 v0.7 ifxetex legacy package. Use iftex instead.
)
\xl@everylogo=\toks22
\xl@@everylogo=\toks23
LaTeX Info: Redefining \TeX on input line 193.
LaTeX Info: Redefining \LaTeX on input line 202.
LaTeX Info: Redefining \LaTeXe on input line 219.
)
(C:/Users/ruoto/AppData/Local/Programs/MiKTeX/tex/latex/latex-tools/longtable.s
ty
Package: longtable 2020/01/07 v4.13 Multi-page Table package (DPC)
\LTleft=\skip52
\LTright=\skip53
\LTpre=\skip54
\LTpost=\skip55
\LTchunksize=\count280
\LTcapwidth=\dimen161
\LT@head=\box50
\LT@firsthead=\box51
\LT@foot=\box52
\LT@lastfoot=\box53
\LT@cols=\count281
\LT@rows=\count282
\c@LT@tables=\count283
\c@LT@chunks=\count284
\LT@p@ftn=\toks24
)
(C:/Users/ruoto/AppData/Local/Programs/MiKTeX/tex/latex/booktabs/booktabs.sty
Package: booktabs 2020/01/12 v1.61803398 Publication quality tables
\heavyrulewidth=\dimen162
\lightrulewidth=\dimen163
\cmidrulewidth=\dimen164
\belowrulesep=\dimen165
\belowbottomsep=\dimen166
\aboverulesep=\dimen167
\abovetopsep=\dimen168
\cmidrulesep=\dimen169
\cmidrulekern=\dimen170
\defaultaddspace=\dimen171
\@cmidla=\count285
\@cmidlb=\count286
\@aboverulesep=\dimen172
\@belowrulesep=\dimen173
\@thisruleclass=\count287
\@lastruleclass=\count288
\@thisrulewidth=\dimen174
)
(C:/Users/ruoto/AppData/Local/Programs/MiKTeX/tex/latex/latex-tools/array.sty
Package: array 2020/10/01 v2.5c Tabular extension package (FMi)
\col@sep=\dimen175
\ar@mcellbox=\box54
\extrarowheight=\dimen176
\NC@list=\toks25
\extratabsurround=\skip56
\backup@length=\skip57
\ar@cellbox=\box55
)
(C:/Users/ruoto/AppData/Local/Programs/MiKTeX/tex/latex/latex-tools/tabularx.st
y
Package: tabularx 2020/01/15 v2.11c `tabularx' package (DPC)
\TX@col@width=\dimen177
\TX@old@table=\dimen178
\TX@old@col=\dimen179
\TX@target=\dimen180
\TX@delta=\dimen181
\TX@cols=\count289
\TX@ftn=\toks26
) (C:/Users/ruoto/AppData/Local/Programs/MiKTeX/tex/latex/xcolor/xcolor.sty
Package: xcolor 2016/05/11 v2.12 LaTeX color extensions (UK)

(C:/Users/ruoto/AppData/Local/Programs/MiKTeX/tex/latex/graphics-cfg/color.cfg
File: color.cfg 2016/01/02 v1.6 sample color configuration
)
Package xcolor Info: Driver file: luatex.def on input line 225.
Package xcolor Info: Model `cmy' substituted by `cmy0' on input line 1348.
Package xcolor Info: Model `hsb' substituted by `rgb' on input line 1352.
Package xcolor Info: Model `RGB' extended on input line 1364.
Package xcolor Info: Model `HTML' substituted by `rgb' on input line 1366.
Package xcolor Info: Model `Hsb' substituted by `hsb' on input line 1367.
Package xcolor Info: Model `tHsb' substituted by `hsb' on input line 1368.
Package xcolor Info: Model `HSB' substituted by `hsb' on input line 1369.
Package xcolor Info: Model `Gray' substituted by `gray' on input line 1370.
Package xcolor Info: Model `wave' substituted by `hsb' on input line 1371.
) (C:/Users/ruoto/AppData/Local/Programs/MiKTeX/tex/latex/enumitem/enumitem.sty
Package: enumitem 2019/06/20 v3.9 Customized lists
\labelindent=\skip58
\enit@outerparindent=\dimen182
\enit@toks=\toks27
\enit@inbox=\box56
\enit@count@id=\count290
\enitdp@description=\count291
) (C:/Users/ruoto/AppData/Local/Programs/MiKTeX/tex/latex/ragged2e/ragged2e.sty
Package: ragged2e 2021/02/05 v3.0 ragged2e Package
(C:/Users/ruoto/AppData/Local/Programs/MiKTeX/tex/latex/everysel/everysel.sty
Package: everysel 2021/01/20 v2.1 EverySelectfont Package (MS)

(C:/Users/ruoto/AppData/Local/Programs/MiKTeX/tex/latex/everysel/everysel-2011-
10-28.sty))
\CenteringLeftskip=\skip59
\RaggedLeftLeftskip=\skip60
\RaggedRightLeftskip=\skip61
\CenteringRightskip=\skip62
\RaggedLeftRightskip=\skip63
\RaggedRightRightskip=\skip64
\CenteringParfillskip=\skip65
\RaggedLeftParfillskip=\skip66
\RaggedRightParfillskip=\skip67
\JustifyingParfillskip=\skip68
\CenteringParindent=\skip69
\RaggedLeftParindent=\skip70
\RaggedRightParindent=\skip71
\JustifyingParindent=\skip72
)
(C:/Users/ruoto/AppData/Local/Programs/MiKTeX/tex/latex/siunitx/siunitx.sty
Package: siunitx 2020/02/25 v2.8b A comprehensive (SI) units package
\l__siunitx_tmp_box=\box57
\l__siunitx_tmp_dim=\dimen183
\l__siunitx_tmp_int=\count292
\l__siunitx_number_mantissa_length_int=\count293
\l__siunitx_number_uncert_length_int=\count294
\l__siunitx_round_int=\count295
\l__siunitx_process_decimal_int=\count296
\l__siunitx_process_uncertainty_int=\count297
\l__siunitx_process_fixed_int=\count298
\l__siunitx_process_integer_min_int=\count299
\l__siunitx_process_precision_int=\count300
\l__siunitx_group_min_int=\count301
\l__siunitx_angle_marker_box=\box58
\l__siunitx_angle_unit_box=\box59
\l__siunitx_angle_marker_dim=\dimen184
\l__siunitx_angle_unit_dim=\dimen185
\l__siunitx_unit_int=\count302
\l__siunitx_unit_denominator_int=\count303
\l__siunitx_unit_numerator_int=\count304
\l__siunitx_unit_prefix_int=\count305
\l__siunitx_unit_prefix_base_int=\count306
\l__siunitx_unit_prefix_gram_int=\count307
\l__siunitx_number_product_int=\count308
\c__siunitx_one_fill_skip=\skip73
\l__siunitx_table_unit_align_skip=\skip74
\l__siunitx_table_exponent_dim=\dimen186
\l__siunitx_table_integer_dim=\dimen187
\l__siunitx_table_mantissa_dim=\dimen188
\l__siunitx_table_marker_dim=\dimen189
\l__siunitx_table_result_dim=\dimen190
\l__siunitx_table_uncert_dim=\dimen191
\l__siunitx_table_fill_pre_dim=\dimen192
\l__siunitx_table_fill_post_dim=\dimen193
\l__siunitx_table_fill_mid_dim=\dimen194
\l__siunitx_table_pre_box=\box60
\l__siunitx_table_post_box=\box61
\l__siunitx_table_mantissa_box=\box62
\l__siunitx_table_result_box=\box63
\l__siunitx_table_number_align_skip=\skip75
\l__siunitx_table_text_align_skip=\skip76

(C:/Users/ruoto/AppData/Local/Programs/MiKTeX/tex/latex/translator/translator.s
ty
Package: translator 2020-08-03 v1.12c Easy translation of strings in LaTeX
))
(C:/Users/ruoto/AppData/Local/Programs/MiKTeX/tex/latex/curve2e/curve2e.sty
Package: curve2e 2021-01-12 v.2.2.15 Extension package for pict2e

(C:/Users/ruoto/AppData/Local/Programs/MiKTeX/tex/latex/pict2e/pict2e.sty
Package: pict2e 2020/09/30 v0.4b Improved picture commands (HjG,RN,JT)

(C:/Users/ruoto/AppData/Local/Programs/MiKTeX/tex/latex/pict2e/pict2e.cfg
File: pict2e.cfg 2016/02/05 v0.1u pict2e configuration for teTeX/TeXLive
)
Package pict2e Info: Driver file: luatex.def on input line 112.
Package pict2e Info: Driver file for pict2e: p2e-luatex.def on input line 114.

(C:/Users/ruoto/AppData/Local/Programs/MiKTeX/tex/latex/pict2e/p2e-luatex.def
File: p2e-luatex.def 2016/02/05 v0.1u Driver-dependant file (RN,HjG,JT)
)
\pIIe@GRAPH=\toks28
\@arclen=\dimen195
\@arcrad=\dimen196
\pIIe@tempdima=\dimen197
\pIIe@tempdimb=\dimen198
\pIIe@tempdimc=\dimen199
\pIIe@tempdimd=\dimen256
\pIIe@tempdime=\dimen257
\pIIe@tempdimf=\dimen258
) (C:/Users/ruoto/AppData/Local/Programs/MiKTeX/tex/latex/l3packages/xfp/xfp.st
y
Package: xfp 2020-10-27 L3 Floating point unit
)
\@tdA=\dimen259
\@tdB=\dimen260
\@tdC=\dimen261
\@tdD=\dimen262
\@tdE=\dimen263
\@tdF=\dimen264
\defaultlinewidth=\dimen265
\PbDim=\skip77
\MV@C=\count309
)
(C:/Users/ruoto/AppData/Local/Programs/MiKTeX/tex/latex/microtype/microtype.sty
Package: microtype 2020/12/07 v2.8 Micro-typographical refinements (RS)
\MT@toks=\toks29
\MT@count=\count310
LaTeX Info: Redefining \textls on input line 788.
\MT@outer@kern=\dimen266
LaTeX Info: Redefining \textmicrotypecontext on input line 1358.
\MT@listname@count=\count311

(C:/Users/ruoto/AppData/Local/Programs/MiKTeX/tex/latex/microtype/microtype-lua
tex.def
File: microtype-luatex.def 2020/12/07 v2.8 Definitions specific to luatex (RS)
Module microtype Info: overwriting function `keepligature' on input line 59
LaTeX Info: Redefining \lsstyle on input line 706.
LaTeX Info: Redefining \lslig on input line 706.
\MT@outer@space=\skip78
)
Package microtype Info: Loading configuration file microtype.cfg.

(C:/Users/ruoto/AppData/Local/Programs/MiKTeX/tex/latex/microtype/microtype.cfg
File: microtype.cfg 2020/12/07 v2.8 microtype main configuration file (RS)
))
(C:/Users/ruoto/AppData/Local/Programs/MiKTeX/tex/latex/latex-tools/afterpage.s
ty
Package: afterpage 2014/10/28 v1.08 After-Page Package (DPC)
\AP@output=\toks30
\AP@partial=\box64
\AP@footins=\box65
) (C:/Users/ruoto/AppData/Local/Programs/MiKTeX/tex/latex/wrapfig/wrapfig.sty
\wrapoverhang=\dimen267
\WF@size=\dimen268
\c@WF@wrappedlines=\count312
\WF@box=\box66
\WF@everypar=\toks31
Package: wrapfig 2003/01/31  v 3.6
)
(C:/Users/ruoto/AppData/Local/Programs/MiKTeX/tex/latex/algorithm2e/algorithm2e
.sty
Package: algorithm2e 2017/07/18 v5.2 algorithms environments
\c@AlgoLine=\count313
 (C:/Users/ruoto/AppData/Local/Programs/MiKTeX/tex/latex/base/ifthen.sty
Package: ifthen 2014/09/29 v1.1c Standard LaTeX ifthen package (DPC)
)
\algocf@hangindent=\skip79

(C:/Users/ruoto/AppData/Local/Programs/MiKTeX/tex/latex/ifoddpage/ifoddpage.sty
Package: ifoddpage 2016/04/23 v1.1 Conditionals for odd/even page detection
\c@checkoddpage=\count314
)
(C:/Users/ruoto/AppData/Local/Programs/MiKTeX/tex/latex/latex-tools/xspace.sty
Package: xspace 2014/10/28 v1.13 Space after command names (DPC,MH)
) (C:/Users/ruoto/AppData/Local/Programs/MiKTeX/tex/latex/relsize/relsize.sty
Package: relsize 2013/03/29 ver 4.1
)
\skiptotal=\skip80
\skiplinenumber=\skip81
\skiprule=\skip82
\skiphlne=\skip83
\skiptext=\skip84
\skiplength=\skip85
\algomargin=\skip86
\skipalgocfslide=\skip87
\algowidth=\dimen269
\inoutsize=\dimen270
\inoutindent=\dimen271
\interspacetitleruled=\dimen272
\interspacealgoruled=\dimen273
\interspacetitleboxruled=\dimen274
\algocf@ruledwidth=\skip88
\algocf@inoutbox=\box67
\algocf@inputbox=\box68
\AlCapSkip=\skip89
\AlCapHSkip=\skip90
\algoskipindent=\skip91
\algocf@nlbox=\box69
\algocf@hangingbox=\box70
\algocf@untilbox=\box71
\algocf@skipuntil=\skip92
\algocf@capbox=\box72
\algocf@lcaptionbox=\skip93
\algoheightruledefault=\skip94
\algoheightrule=\skip95
\algotitleheightruledefault=\skip96
\algotitleheightrule=\skip97
\c@algocfline=\count315
\c@algocfproc=\count316
\c@algocf=\count317
\algocf@algoframe=\box73
\algocf@algobox=\box74
)
(C:/Users/ruoto/AppData/Local/Programs/MiKTeX/tex/latex/appendix/appendix.sty
Package: appendix 2020/02/08 v1.2c extra appendix facilities
\c@@pps=\count318
\c@@ppsavesec=\count319
\c@@ppsaveapp=\count320
)
("./Adaptive MPC in curvilinear reference.aux")
\openout1 = Adaptive MPC in curvilinear reference.aux

LaTeX Font Info:    Checking defaults for OML/cmm/m/it on input line 44.
LaTeX Font Info:    ... okay on input line 44.
LaTeX Font Info:    Checking defaults for OMS/cmsy/m/n on input line 44.
LaTeX Font Info:    ... okay on input line 44.
LaTeX Font Info:    Checking defaults for OT1/cmr/m/n on input line 44.
LaTeX Font Info:    ... okay on input line 44.
LaTeX Font Info:    Checking defaults for T1/cmr/m/n on input line 44.
LaTeX Font Info:    ... okay on input line 44.
LaTeX Font Info:    Checking defaults for TS1/cmr/m/n on input line 44.
LaTeX Font Info:    ... okay on input line 44.
LaTeX Font Info:    Checking defaults for TU/lmr/m/n on input line 44.
LaTeX Font Info:    ... okay on input line 44.
LaTeX Font Info:    Checking defaults for OMX/cmex/m/n on input line 44.
LaTeX Font Info:    ... okay on input line 44.
LaTeX Font Info:    Checking defaults for U/cmr/m/n on input line 44.
LaTeX Font Info:    ... okay on input line 44.

*geometry* driver: auto-detecting
*geometry* detected driver: luatex
*geometry* verbose mode - [ preamble ] result:
* driver: luatex
* paper: <default>
* layout: <same size as paper>
* layoutoffset:(h,v)=(0.0pt,0.0pt)
* modes: 
* h-part:(L,W,R)=(92.14519pt, 430.00462pt, 92.14519pt)
* v-part:(T,H,B)=(95.39737pt, 556.47656pt, 143.09605pt)
* \paperwidth=614.295pt
* \paperheight=794.96999pt
* \textwidth=430.00462pt
* \textheight=556.47656pt
* \oddsidemargin=19.8752pt
* \evensidemargin=19.8752pt
* \topmargin=-13.87262pt
* \headheight=12.0pt
* \headsep=25.0pt
* \topskip=12.0pt
* \footskip=30.0pt
* \marginparwidth=44.0pt
* \marginparsep=10.0pt
* \columnsep=10.0pt
* \skip\footins=10.8pt plus 4.0pt minus 2.0pt
* \hoffset=0.0pt
* \voffset=0.0pt
* \mag=1000
* \@twocolumnfalse
* \@twosidefalse
* \@mparswitchfalse
* \@reversemarginfalse
* (1in=72.27pt=25.4mm, 1cm=28.453pt)


(C:/Users/ruoto/AppData/Local/Programs/MiKTeX/tex/context/base/mkii/supp-pdf.mk
ii
[Loading MPS to PDF converter (version 2006.09.02).]
\scratchcounter=\count321
\scratchdimen=\dimen275
\scratchbox=\box75
\nofMPsegments=\count322
\nofMParguments=\count323
\everyMPshowfont=\toks32
\MPscratchCnt=\count324
\MPscratchDim=\dimen276
\MPnumerator=\count325
\makeMPintoPDFobject=\count326
\everyMPtoPDFconversion=\toks33
)
(C:/Users/ruoto/AppData/Local/Programs/MiKTeX/tex/latex/epstopdf-pkg/epstopdf-b
ase.sty
Package: epstopdf-base 2020-01-24 v2.11 Base part for package epstopdf

(C:/Users/ruoto/AppData/Local/Programs/MiKTeX/tex/generic/infwarerr/infwarerr.s
ty
Package: infwarerr 2019/12/03 v1.5 Providing info/warning/error messages (HO)
) (C:/Users/ruoto/AppData/Local/Programs/MiKTeX/tex/latex/grfext/grfext.sty
Package: grfext 2019/12/03 v1.3 Manage graphics extensions (HO)

(C:/Users/ruoto/AppData/Local/Programs/MiKTeX/tex/generic/kvdefinekeys/kvdefine
keys.sty
Package: kvdefinekeys 2019-12-19 v1.6 Define keys (HO)
))
(C:/Users/ruoto/AppData/Local/Programs/MiKTeX/tex/latex/kvoptions/kvoptions.sty
Package: kvoptions 2020-10-07 v3.14 Key value format for package options (HO)
(C:/Users/ruoto/AppData/Local/Programs/MiKTeX/tex/generic/ltxcmds/ltxcmds.sty
Package: ltxcmds 2020-05-10 v1.25 LaTeX kernel commands for general use (HO)
)
(C:/Users/ruoto/AppData/Local/Programs/MiKTeX/tex/generic/kvsetkeys/kvsetkeys.s
ty
Package: kvsetkeys 2019/12/15 v1.18 Key value parser (HO)
))
(C:/Users/ruoto/AppData/Local/Programs/MiKTeX/tex/generic/pdftexcmds/pdftexcmds
.sty
Package: pdftexcmds 2020-06-27 v0.33 Utility functions of pdfTeX for LuaTeX (HO
)
Package pdftexcmds Info: \pdf@primitive is available.
Package pdftexcmds Info: \pdf@ifprimitive is available.
Package pdftexcmds Info: \pdfdraftmode found.
\pdftexcmds@toks=\toks34
)
Package epstopdf-base Info: Redefining graphics rule for `.eps' on input line 4
85.
Package grfext Info: Graphics extension search list:
(grfext)             [.pdf,.png,.jpg,.mps,.jpeg,.jbig2,.jb2,.PDF,.PNG,.JPG,.JPE
G,.JBIG2,.JB2,.eps]
(grfext)             \AppendGraphicsExtensions on input line 504.
)
LaTeX Font Info:    Overwriting math alphabet `\mathrm' in version `normal'
(Font)                  OT1/cmr/m/n --> TU/TeXGyreTermes(0)/m/n on input line 4
4.
LaTeX Font Info:    Overwriting math alphabet `\mathit' in version `normal'
(Font)                  OT1/cmr/m/it --> TU/TeXGyreTermes(0)/m/it on input line
 44.
LaTeX Font Info:    Overwriting math alphabet `\mathbf' in version `normal'
(Font)                  OT1/cmr/bx/n --> TU/TeXGyreTermes(0)/b/n on input line 
44.
LaTeX Font Info:    Overwriting math alphabet `\mathsf' in version `normal'
(Font)                  OT1/cmss/m/n --> TU/TeXGyreHeros(0)/m/n on input line 4
4.
LaTeX Font Info:    Overwriting math alphabet `\mathsf' in version `bold'
(Font)                  OT1/cmss/bx/n --> TU/TeXGyreHeros(0)/b/n on input line 
44.
LaTeX Font Info:    Overwriting math alphabet `\mathtt' in version `normal'
(Font)                  OT1/cmtt/m/n --> TU/lmtt/m/n on input line 44.
LaTeX Font Info:    Overwriting math alphabet `\mathtt' in version `bold'
(Font)                  OT1/cmtt/m/n --> TU/lmtt/b/n on input line 44.

Package fontspec Info: Font family 'latinmodern-math.otf(0)' created for font
(fontspec)             'latinmodern-math.otf' with options
(fontspec)             [Renderer=Basic,BoldItalicFont={},ItalicFont={},SmallCap
sFont={},Script=Math,FontAdjustment={\__um_luatex_copy_fontdimens:
(fontspec)             },BoldFont={latinmodern-math.otf}].
(fontspec)              
(fontspec)              This font family consists of the following NFSS
(fontspec)             series/shapes:
(fontspec)              
(fontspec)             - 'normal' (m/n) with NFSS spec.:
(fontspec)             <->"[latinmodern-math.otf]:mode=base;script=math;languag
e=dflt;"
(fontspec)             - 'small caps'  (m/sc) with NFSS spec.: 
(fontspec)             and font adjustment code:
(fontspec)             \__um_luatex_copy_fontdimens: 
(fontspec)             - 'bold' (b/n) with NFSS spec.:
(fontspec)             <->"[latinmodern-math.otf]:mode=base;script=math;languag
e=dflt;"
(fontspec)             - 'bold small caps'  (b/sc) with NFSS spec.: 
(fontspec)             and font adjustment code:
(fontspec)             \__um_luatex_copy_fontdimens: 


Package fontspec Info: Font family 'latinmodern-math.otf(1)' created for font
(fontspec)             'latinmodern-math.otf' with options
(fontspec)             [Renderer=Basic,BoldItalicFont={},ItalicFont={},SmallCap
sFont={},Script=Math,SizeFeatures={{Size=10.2-},{Size=7.2-10.2,Font=latinmodern
-math.otf,Style=MathScript},{Size=-7.2,Font=latinmodern-math.otf,Style=MathScri
ptScript}},FontAdjustment={\__um_luatex_copy_fontdimens:
(fontspec)             },BoldFont={latinmodern-math.otf}].
(fontspec)              
(fontspec)              This font family consists of the following NFSS
(fontspec)             series/shapes:
(fontspec)              
(fontspec)             - 'normal' (m/n) with NFSS spec.:
(fontspec)             <10.2->"[latinmodern-math.otf]:mode=base;script=math;lan
guage=dflt;"<7.2-10.2>"[latinmodern-math.otf]:mode=base;script=math;language=df
lt;+ssty=0;"<-7.2>"[latinmodern-math.otf]:mode=base;script=math;language=dflt;+
ssty=1;"
(fontspec)             - 'small caps'  (m/sc) with NFSS spec.: 
(fontspec)             and font adjustment code:
(fontspec)             \__um_luatex_copy_fontdimens: 
(fontspec)             - 'bold' (b/n) with NFSS spec.:
(fontspec)             <->"[latinmodern-math.otf]:mode=base;script=math;languag
e=dflt;"
(fontspec)             - 'bold small caps'  (b/sc) with NFSS spec.: 
(fontspec)             and font adjustment code:
(fontspec)             \__um_luatex_copy_fontdimens: 

LaTeX Font Info:    Encoding `OT1' has changed to `TU' for symbol font
(Font)              `operators' in the math version `normal' on input line 44.
LaTeX Font Info:    Overwriting symbol font `operators' in version `normal'
(Font)                  OT1/cmr/m/n --> TU/latinmodern-math.otf(1)/m/n on input
 line 44.
LaTeX Font Info:    Encoding `OT1' has changed to `TU' for symbol font
(Font)              `operators' in the math version `bold' on input line 44.
LaTeX Font Info:    Overwriting symbol font `operators' in version `bold'
(Font)                  OT1/cmr/bx/n --> TU/latinmodern-math.otf(1)/b/n on inpu
t line 44.

Package fontspec Info: latinmodern-math scale = 1.0001.


Package fontspec Info: latinmodern-math scale = 1.0001.


Package fontspec Info: latinmodern-math scale = 1.0001.


Package fontspec Info: latinmodern-math scale = 1.0001.


Package fontspec Info: latinmodern-math scale = 1.0001.


Package fontspec Info: Font family 'latinmodern-math.otf(2)' created for font
(fontspec)             'latinmodern-math.otf' with options
(fontspec)             [Renderer=Basic,BoldItalicFont={},ItalicFont={},SmallCap
sFont={},Script=Math,SizeFeatures={{Size=10.2-},{Size=7.2-10.2,Font=latinmodern
-math.otf,Style=MathScript},{Size=-7.2,Font=latinmodern-math.otf,Style=MathScri
ptScript}},FontAdjustment={\__um_luatex_copy_fontdimens:
(fontspec)             },BoldFont={latinmodern-math.otf},ScaleAgain=1.0001,Font
Adjustment={\fontdimen
(fontspec)             8\font =8.124pt\relax \fontdimen 9\font =4.728pt\relax
(fontspec)             \fontdimen 10\font =5.32799pt\relax \fontdimen 11\font
(fontspec)             =8.232pt\relax \fontdimen 12\font =4.14pt\relax
(fontspec)             \fontdimen 13\font =4.35599pt\relax \fontdimen 14\font
(fontspec)             =4.35599pt\relax \fontdimen 15\font =3.46799pt\relax
(fontspec)             \fontdimen 16\font =2.96399pt\relax \fontdimen 17\font
(fontspec)             =2.96399pt\relax \fontdimen 18\font =3.0pt\relax
(fontspec)             \fontdimen 19\font =2.4pt\relax \fontdimen 22\font
(fontspec)             =3.0pt\relax \fontdimen 20\font =0pt\relax \fontdimen
(fontspec)             21\font =0pt\relax }].
(fontspec)              
(fontspec)              This font family consists of the following NFSS
(fontspec)             series/shapes:
(fontspec)              
(fontspec)             - 'normal' (m/n) with NFSS spec.:
(fontspec)             <10.2->s*[1.0001]"[latinmodern-math.otf]:mode=base;scrip
t=math;language=dflt;"<7.2-10.2>s*[1.0001]"[latinmodern-math.otf]:mode=base;scr
ipt=math;language=dflt;+ssty=0;"<-7.2>s*[1.0001]"[latinmodern-math.otf]:mode=ba
se;script=math;language=dflt;+ssty=1;"
(fontspec)             - 'small caps'  (m/sc) with NFSS spec.: 
(fontspec)             and font adjustment code:
(fontspec)             \__um_luatex_copy_fontdimens: \fontdimen 8\font
(fontspec)             =8.124pt\relax \fontdimen 9\font =4.728pt\relax
(fontspec)             \fontdimen 10\font =5.32799pt\relax \fontdimen 11\font
(fontspec)             =8.232pt\relax \fontdimen 12\font =4.14pt\relax
(fontspec)             \fontdimen 13\font =4.35599pt\relax \fontdimen 14\font
(fontspec)             =4.35599pt\relax \fontdimen 15\font =3.46799pt\relax
(fontspec)             \fontdimen 16\font =2.96399pt\relax \fontdimen 17\font
(fontspec)             =2.96399pt\relax \fontdimen 18\font =3.0pt\relax
(fontspec)             \fontdimen 19\font =2.4pt\relax \fontdimen 22\font
(fontspec)             =3.0pt\relax \fontdimen 20\font =0pt\relax \fontdimen
(fontspec)             21\font =0pt\relax 
(fontspec)             - 'bold' (b/n) with NFSS spec.:
(fontspec)             <->s*[1.0001]"[latinmodern-math.otf]:mode=base;script=ma
th;language=dflt;"
(fontspec)             - 'bold small caps'  (b/sc) with NFSS spec.: 
(fontspec)             and font adjustment code:
(fontspec)             \__um_luatex_copy_fontdimens: \fontdimen 8\font
(fontspec)             =8.124pt\relax \fontdimen 9\font =4.728pt\relax
(fontspec)             \fontdimen 10\font =5.32799pt\relax \fontdimen 11\font
(fontspec)             =8.232pt\relax \fontdimen 12\font =4.14pt\relax
(fontspec)             \fontdimen 13\font =4.35599pt\relax \fontdimen 14\font
(fontspec)             =4.35599pt\relax \fontdimen 15\font =3.46799pt\relax
(fontspec)             \fontdimen 16\font =2.96399pt\relax \fontdimen 17\font
(fontspec)             =2.96399pt\relax \fontdimen 18\font =3.0pt\relax
(fontspec)             \fontdimen 19\font =2.4pt\relax \fontdimen 22\font
(fontspec)             =3.0pt\relax \fontdimen 20\font =0pt\relax \fontdimen
(fontspec)             21\font =0pt\relax 

LaTeX Font Info:    Encoding `OMS' has changed to `TU' for symbol font
(Font)              `symbols' in the math version `normal' on input line 44.
LaTeX Font Info:    Overwriting symbol font `symbols' in version `normal'
(Font)                  OMS/cmsy/m/n --> TU/latinmodern-math.otf(2)/m/n on inpu
t line 44.
LaTeX Font Info:    Encoding `OMS' has changed to `TU' for symbol font
(Font)              `symbols' in the math version `bold' on input line 44.
LaTeX Font Info:    Overwriting symbol font `symbols' in version `bold'
(Font)                  OMS/cmsy/b/n --> TU/latinmodern-math.otf(2)/b/n on inpu
t line 44.

Package fontspec Info: latinmodern-math scale = 0.9999.


Package fontspec Info: latinmodern-math scale = 0.9999.


Package fontspec Info: latinmodern-math scale = 0.9999.


Package fontspec Info: latinmodern-math scale = 0.9999.


Package fontspec Info: latinmodern-math scale = 0.9999.


Package fontspec Info: Font family 'latinmodern-math.otf(3)' created for font
(fontspec)             'latinmodern-math.otf' with options
(fontspec)             [Renderer=Basic,BoldItalicFont={},ItalicFont={},SmallCap
sFont={},Script=Math,SizeFeatures={{Size=10.2-},{Size=7.2-10.2,Font=latinmodern
-math.otf,Style=MathScript},{Size=-7.2,Font=latinmodern-math.otf,Style=MathScri
ptScript}},FontAdjustment={\__um_luatex_copy_fontdimens:
(fontspec)             },BoldFont={latinmodern-math.otf},ScaleAgain=0.9999,Font
Adjustment={\fontdimen
(fontspec)             8\font =0.48pt\relax \fontdimen 9\font =2.4pt\relax
(fontspec)             \fontdimen 10\font =2.004pt\relax \fontdimen 11\font
(fontspec)             =1.33199pt\relax \fontdimen 12\font =7.2pt\relax
(fontspec)             \fontdimen 13\font =0pt\relax }].
(fontspec)              
(fontspec)              This font family consists of the following NFSS
(fontspec)             series/shapes:
(fontspec)              
(fontspec)             - 'normal' (m/n) with NFSS spec.:
(fontspec)             <10.2->s*[0.9999]"[latinmodern-math.otf]:mode=base;scrip
t=math;language=dflt;"<7.2-10.2>s*[0.9999]"[latinmodern-math.otf]:mode=base;scr
ipt=math;language=dflt;+ssty=0;"<-7.2>s*[0.9999]"[latinmodern-math.otf]:mode=ba
se;script=math;language=dflt;+ssty=1;"
(fontspec)             - 'small caps'  (m/sc) with NFSS spec.: 
(fontspec)             and font adjustment code:
(fontspec)             \__um_luatex_copy_fontdimens: \fontdimen 8\font
(fontspec)             =0.48pt\relax \fontdimen 9\font =2.4pt\relax \fontdimen
(fontspec)             10\font =2.004pt\relax \fontdimen 11\font
(fontspec)             =1.33199pt\relax \fontdimen 12\font =7.2pt\relax
(fontspec)             \fontdimen 13\font =0pt\relax 
(fontspec)             - 'bold' (b/n) with NFSS spec.:
(fontspec)             <->s*[0.9999]"[latinmodern-math.otf]:mode=base;script=ma
th;language=dflt;"
(fontspec)             - 'bold small caps'  (b/sc) with NFSS spec.: 
(fontspec)             and font adjustment code:
(fontspec)             \__um_luatex_copy_fontdimens: \fontdimen 8\font
(fontspec)             =0.48pt\relax \fontdimen 9\font =2.4pt\relax \fontdimen
(fontspec)             10\font =2.004pt\relax \fontdimen 11\font
(fontspec)             =1.33199pt\relax \fontdimen 12\font =7.2pt\relax
(fontspec)             \fontdimen 13\font =0pt\relax 

LaTeX Font Info:    Encoding `OMX' has changed to `TU' for symbol font
(Font)              `largesymbols' in the math version `normal' on input line 4
4.
LaTeX Font Info:    Overwriting symbol font `largesymbols' in version `normal'
(Font)                  OMX/cmex/m/n --> TU/latinmodern-math.otf(3)/m/n on inpu
t line 44.
LaTeX Font Info:    Encoding `OMX' has changed to `TU' for symbol font
(Font)              `largesymbols' in the math version `bold' on input line 44.

LaTeX Font Info:    Overwriting symbol font `largesymbols' in version `bold'
(Font)                  OMX/cmex/m/n --> TU/latinmodern-math.otf(3)/b/n on inpu
t line 44.
LaTeX Font Info:    Font shape `TU/latinmodern-math.otf(2)/m/n' will be
(Font)              scaled to size 12.00128pt on input line 44.
LaTeX Font Info:    Font shape `TU/latinmodern-math.otf(2)/m/n' will be
(Font)              scaled to size 8.40088pt on input line 44.
LaTeX Font Info:    Font shape `TU/latinmodern-math.otf(2)/m/n' will be
(Font)              scaled to size 6.00064pt on input line 44.
LaTeX Font Info:    Font shape `TU/latinmodern-math.otf(3)/m/n' will be
(Font)              scaled to size 11.99872pt on input line 44.
LaTeX Font Info:    Font shape `TU/latinmodern-math.otf(3)/m/n' will be
(Font)              scaled to size 8.3991pt on input line 44.
LaTeX Font Info:    Font shape `TU/latinmodern-math.otf(3)/m/n' will be
(Font)              scaled to size 5.99936pt on input line 44.
 ABD: EverySelectfont initializing macros
LaTeX Info: Redefining \selectfont on input line 44.

(C:/Users/ruoto/AppData/Local/Programs/MiKTeX/tex/latex/siunitx/siunitx-abbrevi
ations.cfg
File: siunitx-abbreviations.cfg 2017/11/26 v2.7k siunitx: Abbreviated units
)
(C:/Users/ruoto/AppData/Local/Programs/MiKTeX/tex/latex/translator/translator-b
asic-dictionary-English.dict
Dictionary: translator-basic-dictionary, Language: English 
)
LaTeX Info: Redefining \microtypecontext on input line 44.
Package microtype Info: Generating PDF output.
Package microtype Info: Character protrusion enabled (level 2).
Package microtype Info: Using default protrusion set `alltext'.
Package microtype Info: Automatic font expansion enabled (level 2),
(microtype)             stretch: 20, shrink: 20, step: 1, non-selected.
Package microtype Info: Using default expansion set `alltext-nott'.
LaTeX Info: Redefining \showhyphens on input line 44.
Package microtype Info: No adjustment of tracking.
Package microtype Info: No adjustment of spacing.
Package microtype Info: No adjustment of kerning.
Package microtype Info: Loading generic protrusion settings for font family
(microtype)             `TeXGyreTermes' (encoding: TU).
(microtype)             For optimal results, create family-specific settings.
(microtype)             See the microtype manual for details.
LaTeX Font Info:    Font shape `TU/TeXGyreHeros(0)/m/n' will be
(Font)              scaled to size 10.30536pt on input line 44.
Package microtype Info: Loading generic protrusion settings for font family
(microtype)             `TeXGyreHeros' (encoding: TU).
(microtype)             For optimal results, create family-specific settings.
(microtype)             See the microtype manual for details.
LaTeX Font Info:    Font shape `TU/TeXGyreHeros(0)/m/n' will be
(Font)              scaled to size 7.21375pt on input line 44.
LaTeX Font Info:    Font shape `TU/TeXGyreHeros(0)/m/n' will be
(Font)              scaled to size 5.15268pt on input line 44.
Package microtype Info: Loading generic protrusion settings for font family
(microtype)             `lmtt' (encoding: TU).
(microtype)             For optimal results, create family-specific settings.
(microtype)             See the microtype manual for details.
Package microtype Info: Loading generic protrusion settings for font family
(microtype)             `latinmodern-math.otf' (encoding: TU).
(microtype)             For optimal results, create family-specific settings.
(microtype)             See the microtype manual for details.
LaTeX Font Info:    Font shape `TU/latinmodern-math.otf(2)/m/n' will be
(Font)              scaled to size 14.40152pt on input line 46.
LaTeX Font Info:    Font shape `TU/latinmodern-math.otf(2)/m/n' will be
(Font)              scaled to size 10.00107pt on input line 46.
LaTeX Font Info:    Font shape `TU/latinmodern-math.otf(2)/m/n' will be
(Font)              scaled to size 7.00075pt on input line 46.
LaTeX Font Info:    Font shape `TU/latinmodern-math.otf(3)/m/n' will be
(Font)              scaled to size 14.39845pt on input line 46.
LaTeX Font Info:    Font shape `TU/latinmodern-math.otf(3)/m/n' will be
(Font)              scaled to size 9.99893pt on input line 46.
LaTeX Font Info:    Font shape `TU/latinmodern-math.otf(3)/m/n' will be
(Font)              scaled to size 6.99925pt on input line 46.
LaTeX Font Info:    Font shape `TU/TeXGyreHeros(0)/m/n' will be
(Font)              scaled to size 12.36642pt on input line 46.
LaTeX Font Info:    Font shape `TU/TeXGyreHeros(0)/m/n' will be
(Font)              scaled to size 8.5878pt on input line 46.
LaTeX Font Info:    Font shape `TU/TeXGyreHeros(0)/m/n' will be
(Font)              scaled to size 6.01146pt on input line 46.


LaTeX Warning: No \author given.

<pictures/frames.png, id=1, 536.60475pt x 326.4195pt>
File: pictures/frames.png Graphic file (type png)
<use pictures/frames.png>
Package luatex.def Info: pictures/frames.png  used on input line 59.
(luatex.def)             Requested size: 430.00462pt x 261.57425pt.
[1

{C:/Users/ruoto/AppData/Local/MiKTeX/pdftex/config/pdftex.map}<./pictures/frames
.png>]
Underfull \hbox (badness 10000) in paragraph at lines 92--99

 []

[2]
Underfull \hbox (badness 10000) in paragraph at lines 136--144

 []


Underfull \hbox (badness 10000) in paragraph at lines 160--167

 []

[3]
Underfull \hbox (badness 10000) in paragraph at lines 227--234

 []

[4] [5] [6]
Underfull \hbox (badness 10000) in paragraph at lines 373--379

 []

[7]
<pictures/bicycle_model.png, id=30, 356.33125pt x 419.5675pt>
File: pictures/bicycle_model.png Graphic file (type png)
<use pictures/bicycle_model.png>
Package luatex.def Info: pictures/bicycle_model.png  used on input line 420.
(luatex.def)             Requested size: 215.0023pt x 253.15729pt.
 [8<./pictures/bicycle_model.png>]
Underfull \hbox (badness 10000) in paragraph at lines 455--463

 []

<pictures/sideslip_angle.png, id=34, 427.5975pt x 263.18324pt>
File: pictures/sideslip_angle.png Graphic file (type png)
<use pictures/sideslip_angle.png>
Package luatex.def Info: pictures/sideslip_angle.png  used on input line 482.
(luatex.def)             Requested size: 322.50346pt x 198.49933pt.

LaTeX Warning: `h' float specifier changed to `ht'.

[9]
Underfull \hbox (badness 10000) in paragraph at lines 531--540

 []

[10<./pictures/sideslip_angle.png>] [11] [12]
Underfull \hbox (badness 10000) in paragraph at lines 608--613

 []

[13]
Underfull \hbox (badness 10000) in paragraph at lines 645--652

 []

[14] [15] [16]
Underfull \hbox (badness 10000) in paragraph at lines 794--798

 []


Overfull \hbox (35.00952pt too wide) in paragraph at lines 809--824
\TU/TeXGyreTermes(0)/m/n/12 where: $[]$ 
 []


Underfull \hbox (badness 10000) in paragraph at lines 809--824

 []

[17] [18]
Underfull \hbox (badness 10000) in paragraph at lines 885--892

 []


Underfull \hbox (badness 10000) in paragraph at lines 885--892

 []


Underfull \hbox (badness 10000) in paragraph at lines 901--908

 []


Underfull \hbox (badness 10000) in paragraph at lines 901--908

 []


Overfull \hbox (9.58812pt too wide) in paragraph at lines 918--928
\TU/TeXGyreTermes(0)/m/n/12 where: $[]$ 
 []


Underfull \hbox (badness 10000) in paragraph at lines 918--928

 []

[19] [20] [21] ("./Adaptive MPC in curvilinear reference.aux"))

Here is how much of LuaTeX's memory you used:
 16612 strings out of 478540
 100000,953878 words of node,token memory allocated
 1192 words of node memory still in use:
   6 hlist, 2 vlist, 2 rule, 2 glue, 4 kern, 6 sub_mlist, 1 glyph, 126 attribute
, 94 glue_spec, 126 attribute_list, 1 write nodes
   avail lists: 2:802,3:106,4:47,5:568,6:22,7:3900,8:61,9:1810,10:7,11:134
 35976 multiletter control sequences out of 65536+200000
 93 fonts using 26367875 bytes
 82i,16n,123p,442b,518s stack positions out of 5000i,500n,10000p,200000b,50000s
<C:/Users/ruoto/AppData/Local/Programs/MiKTeX/fonts/opentype/public/tex-gyre/tex
gyretermes-italic.otf><C:/Users/ruoto/AppData/Local/Programs/MiKTeX/fonts/openty
pe/public/lm-math/latinmodern-math.otf><C:/Users/ruoto/AppData/Local/Programs/Mi
KTeX/fonts/opentype/public/lm-math/latinmodern-math.otf><C:/Users/ruoto/AppData/
Local/Programs/MiKTeX/fonts/opentype/public/lm-math/latinmodern-math.otf><C:/Use
rs/ruoto/AppData/Local/Programs/MiKTeX/fonts/opentype/public/tex-gyre/texgyreter
mes-bold.otf><C:/Users/ruoto/AppData/Local/Programs/MiKTeX/fonts/opentype/public
/tex-gyre/texgyretermes-regular.otf>
Output written on Adaptive MPC in curvilinear reference.pdf (21 pages, 172581 by
tes).

PDF statistics: 116 PDF objects out of 1000 (max. 8388607)
 0 named destinations out of 1000 (max. 131072)
 1 words of extra memory for PDF output out of 10000 (max. 100000000)

